<?xml version="1.0" encoding="UTF-8"?>
<!-- Generated by org.testng.reporters.JUnitReportReporter -->
<testsuite hostname="Mukul" failures="0" tests="1" name="Selenium_Action_Class_Practice_1.Double_Click" time="10.910" errors="0" timestamp="2024-05-20T19:07:53 IST" skipped="0">
  <testcase classname="Selenium_Action_Class_Practice_1.Double_Click" name="double_click" time="10.910"/>
  <system-out/>
</testsuite> <!-- Selenium_Action_Class_Practice_1.Double_Click -->
