<?xml version="1.0" encoding="UTF-8"?>
<!-- Generated by org.testng.reporters.JUnitReportReporter -->
<testsuite hostname="Mukul" failures="0" tests="1" name="Selenium_Action_Class_Practice_1.Right_Click" time="19.902" errors="0" timestamp="2024-05-21T18:13:11 IST" skipped="0">
  <testcase classname="Selenium_Action_Class_Practice_1.Right_Click" name="right_click" time="19.902"/>
  <system-out/>
</testsuite> <!-- Selenium_Action_Class_Practice_1.Right_Click -->
