<?xml version="1.0" encoding="UTF-8"?>
<!-- Generated by org.testng.reporters.JUnitReportReporter -->
<testsuite hostname="Mukul" failures="0" tests="1" name="z_amazon_test_cases_project_1.Test_Case_5_Amazon_Search_Products" time="9.411" errors="0" timestamp="2024-05-10T21:20:43 IST" skipped="0">
  <testcase classname="z_amazon_test_cases_project_1.Test_Case_5_Amazon_Search_Products" name="searching_the_shoes" time="9.411"/>
</testsuite> <!-- z_amazon_test_cases_project_1.Test_Case_5_Amazon_Search_Products -->
