<?xml version="1.0" encoding="UTF-8"?>
<!-- Generated by org.testng.reporters.JUnitReportReporter -->
<testsuite hostname="Mukul" failures="0" tests="1" name="z_amazon_test_cases_project_1.TC_2_Testing_Login" time="13.989" errors="0" timestamp="2024-05-13T21:23:48 IST" skipped="0">
  <testcase classname="z_amazon_test_cases_project_1.TC_2_Testing_Login" name="testing_the_login" time="13.989"/>
</testsuite> <!-- z_amazon_test_cases_project_1.TC_2_Testing_Login -->
