<?xml version="1.0" encoding="UTF-8"?>
<!-- Generated by org.testng.reporters.JUnitReportReporter -->
<testsuite hostname="Mukul" failures="0" tests="1" name="Selenium_Action_Class_Practice_1.HoverOver" time="54.303" errors="0" timestamp="2024-05-20T18:57:59 IST" skipped="0">
  <testcase classname="Selenium_Action_Class_Practice_1.HoverOver" name="amazon_sign_in" time="54.303"/>
  <system-out/>
</testsuite> <!-- Selenium_Action_Class_Practice_1.HoverOver -->
