<?xml version="1.0" encoding="UTF-8"?>
<!-- Generated by org.testng.reporters.JUnitReportReporter -->
<testsuite hostname="Mukul" failures="0" tests="1" name="z_amazon_test_cases_project_1.Test_Case_12_Amazon_Choose_Each_Payment_Mode" time="31.578" errors="0" timestamp="2024-05-10T21:14:50 IST" skipped="0">
  <testcase classname="z_amazon_test_cases_project_1.Test_Case_12_Amazon_Choose_Each_Payment_Mode" name="Test_Case_12_Choose_Each_Payment_Methods" time="31.578"/>
</testsuite> <!-- z_amazon_test_cases_project_1.Test_Case_12_Amazon_Choose_Each_Payment_Mode -->
