<?xml version="1.0" encoding="UTF-8"?>
<!-- Generated by org.testng.reporters.JUnitReportReporter -->
<testsuite hostname="Mukul" failures="0" tests="1" name="z_amazon_test_cases_project_1.Test_Case_1_Amazon_HomePage_HoverOver_To_Sign_Up" time="10.240" errors="0" timestamp="2024-04-30T16:27:02 IST" skipped="0">
  <testcase classname="z_amazon_test_cases_project_1.Test_Case_1_Amazon_HomePage_HoverOver_To_Sign_Up" name="sign_in" time="10.240"/>
</testsuite> <!-- z_amazon_test_cases_project_1.Test_Case_1_Amazon_HomePage_HoverOver_To_Sign_Up -->
