<?xml version="1.0" encoding="UTF-8"?>
<!-- Generated by org.testng.reporters.JUnitReportReporter -->
<testsuite hostname="Mukul" failures="0" tests="1" name="z_amazon_test_cases_project_1.Test_Case_8_Amazon_Products_Sorting" time="13.158" errors="0" timestamp="2024-05-10T21:18:19 IST" skipped="0">
  <testcase classname="z_amazon_test_cases_project_1.Test_Case_8_Amazon_Products_Sorting" name="searching_the_shoes" time="13.158"/>
</testsuite> <!-- z_amazon_test_cases_project_1.Test_Case_8_Amazon_Products_Sorting -->
