<?xml version="1.0" encoding="UTF-8"?>
<!-- Generated by org.testng.reporters.JUnitReportReporter -->
<testsuite hostname="Mukul" failures="0" tests="1" name="z_amazon_test_cases_project_1.Test_Case_2_Amazon_SignUp_Page" time="7.410" errors="0" timestamp="2024-05-25T10:36:41 IST" skipped="0">
  <testcase classname="z_amazon_test_cases_project_1.Test_Case_2_Amazon_SignUp_Page" name="SignIn" time="7.410"/>
  <system-out/>
</testsuite> <!-- z_amazon_test_cases_project_1.Test_Case_2_Amazon_SignUp_Page -->
