<?xml version="1.0" encoding="UTF-8"?>
<!-- Generated by org.testng.reporters.JUnitReportReporter -->
<testsuite hostname="Mukul" failures="0" tests="1" name="z_amazon_test_cases_project_1.Test_Case_9_Amazon_Add_To_Shopping_Cart" time="23.134" errors="0" timestamp="2024-05-10T21:17:19 IST" skipped="0">
  <testcase classname="z_amazon_test_cases_project_1.Test_Case_9_Amazon_Add_To_Shopping_Cart" name="Product_Details" time="23.134"/>
</testsuite> <!-- z_amazon_test_cases_project_1.Test_Case_9_Amazon_Add_To_Shopping_Cart -->
