<?xml version="1.0" encoding="UTF-8"?>
<!-- Generated by org.testng.reporters.JUnitReportReporter -->
<testsuite hostname="Mukul" failures="0" tests="1" name="grotechminds_sign_up_testcases.TC_1_Grotech_Sign_Up" time="10.033" errors="0" timestamp="2024-05-22T19:05:34 IST" skipped="0">
  <testcase classname="grotechminds_sign_up_testcases.TC_1_Grotech_Sign_Up" name="sign_up" time="10.033"/>
  <system-out/>
</testsuite> <!-- grotechminds_sign_up_testcases.TC_1_Grotech_Sign_Up -->
