<?xml version="1.0" encoding="UTF-8"?>
<!-- Generated by org.testng.reporters.JUnitReportReporter -->
<testsuite hostname="Mukul" failures="0" tests="1" name="z_amazon_test_cases_project_1.Test_Case_1_Amazon_Project_1" time="18.446" errors="0" timestamp="2024-04-30T15:33:02 IST" skipped="0">
  <testcase classname="z_amazon_test_cases_project_1.Test_Case_1_Amazon_Project_1" name="sign_in" time="18.446"/>
</testsuite> <!-- z_amazon_test_cases_project_1.Test_Case_1_Amazon_Project_1 -->
