<?xml version="1.0" encoding="UTF-8"?>
<!-- Generated by org.testng.reporters.JUnitReportReporter -->
<testsuite hostname="Mukul" failures="0" tests="1" name="z_amazon_test_cases_project_1.Test_Case_3_Amazon_Invalid_Credentials" time="7.749" errors="0" timestamp="2024-05-10T21:21:53 IST" skipped="0">
  <testcase classname="z_amazon_test_cases_project_1.Test_Case_3_Amazon_Invalid_Credentials" name="login_with_invalid_credentials" time="7.749"/>
</testsuite> <!-- z_amazon_test_cases_project_1.Test_Case_3_Amazon_Invalid_Credentials -->
