<?xml version="1.0" encoding="UTF-8"?>
<!-- Generated by org.testng.reporters.JUnitReportReporter -->
<testsuite hostname="Mukul" failures="0" tests="1" name="z_amazon_test_cases_project_1.Test_Cas_7_Amazon_Product_Details" time="17.863" errors="0" timestamp="2024-05-04T15:24:55 IST" skipped="0">
  <testcase classname="z_amazon_test_cases_project_1.Test_Cas_7_Amazon_Product_Details" name="Product_Details" time="17.863"/>
</testsuite> <!-- z_amazon_test_cases_project_1.Test_Cas_7_Amazon_Product_Details -->
