<?xml version="1.0" encoding="UTF-8"?>
<!-- Generated by org.testng.reporters.JUnitReportReporter -->
<testsuite hostname="Mukul" failures="0" tests="1" name="z_amazon_test_cases_project_1.Test_Case_11_Amazon_Checkout_Process" time="30.848" errors="0" timestamp="2024-05-10T21:15:40 IST" skipped="0">
  <testcase classname="z_amazon_test_cases_project_1.Test_Case_11_Amazon_Checkout_Process" name="Product_Details" time="30.848"/>
</testsuite> <!-- z_amazon_test_cases_project_1.Test_Case_11_Amazon_Checkout_Process -->
